<?xml version="1.0" encoding="UTF-8"?>
<!-- Generated by org.testng.reporters.JUnitReportReporter -->
<testsuite hostname="LAPTOP-LTT1TUOC" failures="0" tests="3" name="pac1.contactTest" time="0.014" errors="0" timestamp="2024-10-26T13:51:15 IST" skipped="0">
  <testcase classname="pac1.contactTest" name="deleteContact" time="0.001"/>
  <system-out/>
  <testcase classname="pac1.contactTest" name="modifyContact" time="0.003"/>
  <system-out/>
  <testcase classname="pac1.contactTest" name="createContact" time="0.010"/>
  <system-out/>
</testsuite> <!-- pac1.contactTest -->
