<?xml version="1.0" encoding="UTF-8"?>
<!-- Generated by org.testng.reporters.JUnitReportReporter -->
<testsuite hostname="LAPTOP-LTT1TUOC" failures="0" tests="3" name="pac2.orgTest" time="0.005" errors="0" timestamp="2024-10-26T13:48:43 IST" skipped="0">
  <testcase classname="pac2.orgTest" name="createOrg" time="0.001"/>
  <system-out/>
  <testcase classname="pac2.orgTest" name="modifyOrg" time="0.002"/>
  <system-out/>
  <testcase classname="pac2.orgTest" name="deleteOrg" time="0.002"/>
  <system-out/>
</testsuite> <!-- pac2.orgTest -->
